[01m[K/home/calper/ros2_ws/src/ros_node_temp/src/ros_node_temp.cpp:[m[K In member function â€˜[01m[Kvoid MyNode::process_packet(const std::vector<unsigned char, std::allocator<unsigned char> >&)[m[Kâ€™:
[01m[K/home/calper/ros2_ws/src/ros_node_temp/src/ros_node_temp.cpp:92:30:[m[K [01;31m[Kerror: [m[Kâ€˜[01m[Kclass LibSerial::SerialStream[m[Kâ€™ has no member named â€˜[01m[KWriteByte[m[Kâ€™
   92 |                 serial_port_.[01;31m[KWriteByte[m[K('U');
      |                              [01;31m[K^~~~~~~~~[m[K
gmake[2]: *** [CMakeFiles/temp.dir/build.make:76: CMakeFiles/temp.dir/src/ros_node_temp.cpp.o] Error 1
gmake[1]: *** [CMakeFiles/Makefile2:137: CMakeFiles/temp.dir/all] Error 2
gmake: *** [Makefile:146: all] Error 2
