[0.053s] Invoking command in '/home/calper/ros2_ws/build/ros_node_temp': CMAKE_PREFIX_PATH=${CMAKE_PREFIX_PATH}:/opt/ros/iron /usr/bin/cmake --build /home/calper/ros2_ws/build/ros_node_temp -- -j16 -l16
[0.079s] [ 50%] [32mBuilding CXX object CMakeFiles/temp.dir/src/ros_node_temp.cpp.o[0m
[1.877s] [01m[K/home/calper/ros2_ws/src/ros_node_temp/src/ros_node_temp.cpp:[m[K In member function â€˜[01m[Kvoid MyNode::process_packet(const std::vector<unsigned char, std::allocator<unsigned char> >&)[m[Kâ€™:
[1.878s] [01m[K/home/calper/ros2_ws/src/ros_node_temp/src/ros_node_temp.cpp:91:30:[m[K [01;31m[Kerror: [m[Kâ€˜[01m[Kclass LibSerial::SerialStream[m[Kâ€™ has no member named â€˜[01m[KWriteByte[m[Kâ€™
[1.878s]    91 |                 serial_port_.[01;31m[KWriteByte[m[K('U');  // Send a special character 'U' over serial
[1.878s]       |                              [01;31m[K^~~~~~~~~[m[K
[2.683s] gmake[2]: *** [CMakeFiles/temp.dir/build.make:76: CMakeFiles/temp.dir/src/ros_node_temp.cpp.o] Error 1
[2.684s] gmake[1]: *** [CMakeFiles/Makefile2:137: CMakeFiles/temp.dir/all] Error 2
[2.684s] gmake: *** [Makefile:146: all] Error 2
[2.686s] Invoked command in '/home/calper/ros2_ws/build/ros_node_temp' returned '2': CMAKE_PREFIX_PATH=${CMAKE_PREFIX_PATH}:/opt/ros/iron /usr/bin/cmake --build /home/calper/ros2_ws/build/ros_node_temp -- -j16 -l16
