[0.063s] Invoking command in '/home/calper/ros2_ws/build/ros_node_temp': CMAKE_PREFIX_PATH=${CMAKE_PREFIX_PATH}:/opt/ros/iron /usr/bin/cmake --build /home/calper/ros2_ws/build/ros_node_temp -- -j16 -l16
[0.085s] [ 50%] [32mBuilding CXX object CMakeFiles/temp.dir/src/ros_node_temp.cpp.o[0m
[1.849s] [01m[K/home/calper/ros2_ws/src/ros_node_temp/src/ros_node_temp.cpp:[m[K In constructor â€˜[01m[KMyNode::MyNode()[m[Kâ€™:
[1.850s] [01m[K/home/calper/ros2_ws/src/ros_node_temp/src/ros_node_temp.cpp:14:46:[m[K [01;31m[Kerror: [m[Kâ€˜[01m[KBAUD_115200[m[Kâ€™ is not a member of â€˜[01m[KLibSerial::SerialPort[m[Kâ€™
[1.850s]    14 |         serial_port_.SetBaudRate(SerialPort::[01;31m[KBAUD_115200[m[K);
[1.850s]       |                                              [01;31m[K^~~~~~~~~~~[m[K
[1.850s] [01m[K/home/calper/ros2_ws/src/ros_node_temp/src/ros_node_temp.cpp:15:26:[m[K [01;31m[Kerror: [m[Kno matching function for call to â€˜[01m[KLibSerial::SerialStream::Open()[m[Kâ€™
[1.850s]    15 |         [01;31m[Kserial_port_.Open()[m[K;
[1.850s]       |         [01;31m[K~~~~~~~~~~~~~~~~~^~[m[K
[1.850s] In file included from [01m[K/home/calper/ros2_ws/src/ros_node_temp/src/ros_node_temp.cpp:4[m[K:
[1.850s] [01m[K/usr/include/libserial/SerialStream.h:144:14:[m[K [01;36m[Knote: [m[Kcandidate: â€˜[01m[Kvoid LibSerial::SerialStream::Open(const string&, const openmode&)[m[Kâ€™
[1.850s]   144 |         void [01;36m[KOpen[m[K(const std::string& fileName,
[1.850s]       |              [01;36m[K^~~~[m[K
[1.850s] [01m[K/usr/include/libserial/SerialStream.h:144:14:[m[K [01;36m[Knote: [m[K  candidate expects 2 arguments, 0 provided
[1.854s] [01m[K/home/calper/ros2_ws/src/ros_node_temp/src/ros_node_temp.cpp:16:9:[m[K [01;31m[Kerror: [m[Kâ€˜[01m[Ktimer_[m[Kâ€™ was not declared in this scope; did you mean â€˜[01m[Ktimer_t[m[Kâ€™?
[1.854s]    16 |         [01;31m[Ktimer_[m[K = this->create_wall_timer(1s, std::bind(&MyNode::timer_callback, this)
[1.854s]       |         [01;31m[K^~~~~~[m[K
[1.854s]       |         [32m[Ktimer_t[m[K
[1.860s] [01m[K/home/calper/ros2_ws/src/ros_node_temp/src/ros_node_temp.cpp:[m[K In member function â€˜[01m[Kvoid MyNode::timer_callback()[m[Kâ€™:
[1.860s] [01m[K/home/calper/ros2_ws/src/ros_node_temp/src/ros_node_temp.cpp:29:51:[m[K [01;31m[Kerror: [m[Kâ€˜[01m[Kclass LibSerial::SerialStream[m[Kâ€™ has no member named â€˜[01m[KAvailable[m[Kâ€™
[1.860s]    29 |         if (serial_port_.IsOpen() && serial_port_.[01;31m[KAvailable[m[K())
[1.860s]       |                                                   [01;31m[K^~~~~~~~~[m[K
[2.489s] gmake[2]: *** [CMakeFiles/temp.dir/build.make:76: CMakeFiles/temp.dir/src/ros_node_temp.cpp.o] Error 1
[2.489s] gmake[1]: *** [CMakeFiles/Makefile2:137: CMakeFiles/temp.dir/all] Error 2
[2.489s] gmake: *** [Makefile:146: all] Error 2
[2.491s] Invoked command in '/home/calper/ros2_ws/build/ros_node_temp' returned '2': CMAKE_PREFIX_PATH=${CMAKE_PREFIX_PATH}:/opt/ros/iron /usr/bin/cmake --build /home/calper/ros2_ws/build/ros_node_temp -- -j16 -l16
