[0.054s] Invoking command in '/home/calper/ros2_ws/build/ros_node_temp': CMAKE_PREFIX_PATH=${CMAKE_PREFIX_PATH}:/opt/ros/iron /usr/bin/cmake --build /home/calper/ros2_ws/build/ros_node_temp -- -j16 -l16
[0.079s] [ 50%] [32mBuilding CXX object CMakeFiles/temp.dir/src/ros_node_temp.cpp.o[0m
[1.887s] [01m[K/home/calper/ros2_ws/src/ros_node_temp/src/ros_node_temp.cpp:[m[K In member function â€˜[01m[Kvoid MyNode::timer_callback()[m[Kâ€™:
[1.887s] [01m[K/home/calper/ros2_ws/src/ros_node_temp/src/ros_node_temp.cpp:47:38:[m[K [01;31m[Kerror: [m[Kno matching function for call to â€˜[01m[KLibSerial::SerialStream::read(char*, int, int)[m[Kâ€™
[1.887s]    47 |                     [01;31m[Kserial_port_.read(&byte, 1, 1)[m[K;
[1.887s]       |                     [01;31m[K~~~~~~~~~~~~~~~~~^~~~~~~~~~~~~[m[K
[1.887s] In file included from [01m[K/usr/include/c++/11/iostream:40[m[K,
[1.887s]                  from [01m[K/opt/ros/iron/include/rclcpp/rclcpp/executor.hpp:22[m[K,
[1.887s]                  from [01m[K/opt/ros/iron/include/rclcpp/rclcpp/executors/multi_threaded_executor.hpp:25[m[K,
[1.887s]                  from [01m[K/opt/ros/iron/include/rclcpp/rclcpp/executors.hpp:21[m[K,
[1.887s]                  from [01m[K/opt/ros/iron/include/rclcpp/rclcpp/rclcpp.hpp:167[m[K,
[1.887s]                  from [01m[K/home/calper/ros2_ws/src/ros_node_temp/src/ros_node_temp.cpp:1[m[K:
[1.887s] [01m[K/usr/include/c++/11/istream:486:7:[m[K [01;36m[Knote: [m[Kcandidate: â€˜[01m[Kstd::basic_istream<_CharT, _Traits>& std::basic_istream<_CharT, _Traits>::read(std::basic_istream<_CharT, _Traits>::char_type*, std::streamsize) [with _CharT = char; _Traits = std::char_traits<char>; std::basic_istream<_CharT, _Traits>::char_type = char; std::streamsize = long int][m[Kâ€™
[1.887s]   486 |       [01;36m[Kread[m[K(char_type* __s, streamsize __n);
[1.887s]       |       [01;36m[K^~~~[m[K
[1.887s] [01m[K/usr/include/c++/11/istream:486:7:[m[K [01;36m[Knote: [m[K  candidate expects 2 arguments, 3 provided
[2.535s] gmake[2]: *** [CMakeFiles/temp.dir/build.make:76: CMakeFiles/temp.dir/src/ros_node_temp.cpp.o] Error 1
[2.535s] gmake[1]: *** [CMakeFiles/Makefile2:137: CMakeFiles/temp.dir/all] Error 2
[2.535s] gmake: *** [Makefile:146: all] Error 2
[2.537s] Invoked command in '/home/calper/ros2_ws/build/ros_node_temp' returned '2': CMAKE_PREFIX_PATH=${CMAKE_PREFIX_PATH}:/opt/ros/iron /usr/bin/cmake --build /home/calper/ros2_ws/build/ros_node_temp -- -j16 -l16
