[0.063s] Invoking command in '/home/calper/ros2_ws/build/ros_node_temp': CMAKE_PREFIX_PATH=${CMAKE_PREFIX_PATH}:/opt/ros/iron /usr/bin/cmake --build /home/calper/ros2_ws/build/ros_node_temp -- -j16 -l16
[0.074s] -- Found ament_cmake: 2.0.3 (/opt/ros/iron/share/ament_cmake/cmake)
[0.223s] -- Found rclcpp: 21.0.4 (/opt/ros/iron/share/rclcpp/cmake)
[0.245s] -- Found rosidl_generator_c: 4.0.1 (/opt/ros/iron/share/rosidl_generator_c/cmake)
[0.251s] -- Found rosidl_generator_cpp: 4.0.1 (/opt/ros/iron/share/rosidl_generator_cpp/cmake)
[0.259s] -- Using all available rosidl_typesupport_c: rosidl_typesupport_fastrtps_c;rosidl_typesupport_introspection_c
[0.270s] -- Using all available rosidl_typesupport_cpp: rosidl_typesupport_fastrtps_cpp;rosidl_typesupport_introspection_cpp
[0.387s] -- Found rmw_implementation_cmake: 7.1.0 (/opt/ros/iron/share/rmw_implementation_cmake/cmake)
[0.388s] -- Found rmw_fastrtps_cpp: 7.1.2 (/opt/ros/iron/share/rmw_fastrtps_cpp/cmake)
[0.473s] -- Using RMW implementation 'rmw_fastrtps_cpp' as default
[0.600s] -- Found std_msgs: 5.0.0 (/opt/ros/iron/share/std_msgs/cmake)
[0.668s] -- Configuring done (0.6s)
[0.675s] -- Generating done (0.0s)
[0.676s] -- Build files have been written to: /home/calper/ros2_ws/build/ros_node_temp
[0.697s] [ 50%] [32mBuilding CXX object CMakeFiles/temp.dir/src/ros_node_temp.cpp.o[0m
[2.411s] [01m[K/home/calper/ros2_ws/src/ros_node_temp/src/ros_node_temp.cpp:[m[K In constructor â€˜[01m[KMyNode::MyNode()[m[Kâ€™:
[2.411s] [01m[K/home/calper/ros2_ws/src/ros_node_temp/src/ros_node_temp.cpp:14:46:[m[K [01;31m[Kerror: [m[Kâ€˜[01m[KBAUD_115200[m[Kâ€™ is not a member of â€˜[01m[KLibSerial::SerialPort[m[Kâ€™
[2.411s]    14 |         serial_port_.SetBaudRate(SerialPort::[01;31m[KBAUD_115200[m[K);
[2.411s]       |                                              [01;31m[K^~~~~~~~~~~[m[K
[2.411s] [01m[K/home/calper/ros2_ws/src/ros_node_temp/src/ros_node_temp.cpp:15:26:[m[K [01;31m[Kerror: [m[Kno matching function for call to â€˜[01m[KLibSerial::SerialStream::Open()[m[Kâ€™
[2.411s]    15 |         [01;31m[Kserial_port_.Open()[m[K;
[2.411s]       |         [01;31m[K~~~~~~~~~~~~~~~~~^~[m[K
[2.411s] In file included from [01m[K/home/calper/ros2_ws/src/ros_node_temp/src/ros_node_temp.cpp:4[m[K:
[2.411s] [01m[K/usr/include/libserial/SerialStream.h:144:14:[m[K [01;36m[Knote: [m[Kcandidate: â€˜[01m[Kvoid LibSerial::SerialStream::Open(const string&, const openmode&)[m[Kâ€™
[2.411s]   144 |         void [01;36m[KOpen[m[K(const std::string& fileName,
[2.411s]       |              [01;36m[K^~~~[m[K
[2.411s] [01m[K/usr/include/libserial/SerialStream.h:144:14:[m[K [01;36m[Knote: [m[K  candidate expects 2 arguments, 0 provided
[2.416s] [01m[K/home/calper/ros2_ws/src/ros_node_temp/src/ros_node_temp.cpp:16:9:[m[K [01;31m[Kerror: [m[Kâ€˜[01m[Ktimer_[m[Kâ€™ was not declared in this scope; did you mean â€˜[01m[Ktimer_t[m[Kâ€™?
[2.416s]    16 |         [01;31m[Ktimer_[m[K = this->create_wall_timer(1s, std::bind(&MyNode::timer_callback, this)
[2.416s]       |         [01;31m[K^~~~~~[m[K
[2.416s]       |         [32m[Ktimer_t[m[K
[2.422s] [01m[K/home/calper/ros2_ws/src/ros_node_temp/src/ros_node_temp.cpp:[m[K In member function â€˜[01m[Kvoid MyNode::timer_callback()[m[Kâ€™:
[2.422s] [01m[K/home/calper/ros2_ws/src/ros_node_temp/src/ros_node_temp.cpp:29:51:[m[K [01;31m[Kerror: [m[Kâ€˜[01m[Kclass LibSerial::SerialStream[m[Kâ€™ has no member named â€˜[01m[KAvailable[m[Kâ€™
[2.422s]    29 |         if (serial_port_.IsOpen() && serial_port_.[01;31m[KAvailable[m[K())
[2.422s]       |                                                   [01;31m[K^~~~~~~~~[m[K
[3.047s] gmake[2]: *** [CMakeFiles/temp.dir/build.make:76: CMakeFiles/temp.dir/src/ros_node_temp.cpp.o] Error 1
[3.048s] gmake[1]: *** [CMakeFiles/Makefile2:137: CMakeFiles/temp.dir/all] Error 2
[3.048s] gmake: *** [Makefile:146: all] Error 2
[3.049s] Invoked command in '/home/calper/ros2_ws/build/ros_node_temp' returned '2': CMAKE_PREFIX_PATH=${CMAKE_PREFIX_PATH}:/opt/ros/iron /usr/bin/cmake --build /home/calper/ros2_ws/build/ros_node_temp -- -j16 -l16
