[ 50%] [32mBuilding CXX object CMakeFiles/temp.dir/src/ros_node_temp.cpp.o[0m
[01m[K/home/calper/ros2_ws/src/ros_node_temp/src/ros_node_temp.cpp:[m[K In member function â€˜[01m[Kvoid MyNode::timer_callback()[m[Kâ€™:
[01m[K/home/calper/ros2_ws/src/ros_node_temp/src/ros_node_temp.cpp:41:34:[m[K [01;31m[Kerror: [m[Kâ€˜[01m[Kclass LibSerial::SerialStream[m[Kâ€™ has no member named â€˜[01m[KReadByte[m[Kâ€™
   41 |                     serial_port_.[01;31m[KReadByte[m[K(next_char, 100); // Read one byte with a timeout
      |                                  [01;31m[K^~~~~~~~[m[K
gmake[2]: *** [CMakeFiles/temp.dir/build.make:76: CMakeFiles/temp.dir/src/ros_node_temp.cpp.o] Error 1
gmake[1]: *** [CMakeFiles/Makefile2:137: CMakeFiles/temp.dir/all] Error 2
gmake: *** [Makefile:146: all] Error 2
